<?xml version="1.0" encoding="UTF-8"?>
<testsuite xmlns:xsi="http://www.w3.org/2001/XMLSchema-instance" xsi:noNamespaceSchemaLocation="https://maven.apache.org/surefire/maven-surefire-plugin/xsd/surefire-test-report-3.0.xsd" version="3.0" name="TestSuite" time="19.922" tests="2" errors="0" skipped="0" failures="0">
  <properties>
    <property name="sun.desktop" value="windows"/>
    <property name="awt.toolkit" value="sun.awt.windows.WToolkit"/>
    <property name="file.encoding.pkg" value="sun.io"/>
    <property name="java.specification.version" value="1.8"/>
    <property name="sun.cpu.isalist" value="amd64"/>
    <property name="sun.jnu.encoding" value="Cp1252"/>
    <property name="java.class.path" value="C:\Users\EdwardHdez\Documents\Reify\deck-of-cards\target\test-classes;C:\Users\EdwardHdez\Documents\Reify\deck-of-cards\target\classes;C:\Users\EdwardHdez\.m2\repository\io\rest-assured\rest-assured\4.5.1\rest-assured-4.5.1.jar;C:\Users\EdwardHdez\.m2\repository\org\codehaus\groovy\groovy\3.0.9\groovy-3.0.9.jar;C:\Users\EdwardHdez\.m2\repository\org\codehaus\groovy\groovy-xml\3.0.9\groovy-xml-3.0.9.jar;C:\Users\EdwardHdez\.m2\repository\org\apache\httpcomponents\httpclient\4.5.13\httpclient-4.5.13.jar;C:\Users\EdwardHdez\.m2\repository\org\apache\httpcomponents\httpcore\4.4.13\httpcore-4.4.13.jar;C:\Users\EdwardHdez\.m2\repository\commons-logging\commons-logging\1.2\commons-logging-1.2.jar;C:\Users\EdwardHdez\.m2\repository\commons-codec\commons-codec\1.11\commons-codec-1.11.jar;C:\Users\EdwardHdez\.m2\repository\org\apache\httpcomponents\httpmime\4.5.13\httpmime-4.5.13.jar;C:\Users\EdwardHdez\.m2\repository\org\hamcrest\hamcrest\2.1\hamcrest-2.1.jar;C:\Users\EdwardHdez\.m2\repository\org\ccil\cowan\tagsoup\tagsoup\1.2.1\tagsoup-1.2.1.jar;C:\Users\EdwardHdez\.m2\repository\io\rest-assured\xml-path\4.5.1\xml-path-4.5.1.jar;C:\Users\EdwardHdez\.m2\repository\org\apache\commons\commons-lang3\3.11\commons-lang3-3.11.jar;C:\Users\EdwardHdez\.m2\repository\io\rest-assured\json-path\4.5.1\json-path-4.5.1.jar;C:\Users\EdwardHdez\.m2\repository\org\codehaus\groovy\groovy-json\3.0.9\groovy-json-3.0.9.jar;C:\Users\EdwardHdez\.m2\repository\io\rest-assured\rest-assured-common\4.5.1\rest-assured-common-4.5.1.jar;C:\Users\EdwardHdez\.m2\repository\org\testng\testng\7.4.0\testng-7.4.0.jar;C:\Users\EdwardHdez\.m2\repository\com\beust\jcommander\1.78\jcommander-1.78.jar;C:\Users\EdwardHdez\.m2\repository\org\webjars\jquery\3.5.1\jquery-3.5.1.jar;C:\Users\EdwardHdez\.m2\repository\com\google\code\gson\gson\2.9.0\gson-2.9.0.jar;C:\Users\EdwardHdez\.m2\repository\org\slf4j\slf4j-api\2.0.0-alpha6\slf4j-api-2.0.0-alpha6.jar;C:\Users\EdwardHdez\.m2\repository\org\slf4j\slf4j-simple\2.0.0-alpha6\slf4j-simple-2.0.0-alpha6.jar;C:\Users\EdwardHdez\.m2\repository\org\projectlombok\lombok\1.18.22\lombok-1.18.22.jar;C:\Users\EdwardHdez\.m2\repository\com\google\truth\truth\1.1.3\truth-1.1.3.jar;C:\Users\EdwardHdez\.m2\repository\com\google\guava\guava\30.1.1-android\guava-30.1.1-android.jar;C:\Users\EdwardHdez\.m2\repository\com\google\guava\failureaccess\1.0.1\failureaccess-1.0.1.jar;C:\Users\EdwardHdez\.m2\repository\com\google\guava\listenablefuture\9999.0-empty-to-avoid-conflict-with-guava\listenablefuture-9999.0-empty-to-avoid-conflict-with-guava.jar;C:\Users\EdwardHdez\.m2\repository\com\google\code\findbugs\jsr305\3.0.2\jsr305-3.0.2.jar;C:\Users\EdwardHdez\.m2\repository\org\checkerframework\checker-compat-qual\2.5.5\checker-compat-qual-2.5.5.jar;C:\Users\EdwardHdez\.m2\repository\com\google\j2objc\j2objc-annotations\1.3\j2objc-annotations-1.3.jar;C:\Users\EdwardHdez\.m2\repository\org\checkerframework\checker-qual\3.13.0\checker-qual-3.13.0.jar;C:\Users\EdwardHdez\.m2\repository\junit\junit\4.13.2\junit-4.13.2.jar;C:\Users\EdwardHdez\.m2\repository\org\hamcrest\hamcrest-core\1.3\hamcrest-core-1.3.jar;C:\Users\EdwardHdez\.m2\repository\com\google\auto\value\auto-value-annotations\1.8.1\auto-value-annotations-1.8.1.jar;C:\Users\EdwardHdez\.m2\repository\com\google\errorprone\error_prone_annotations\2.7.1\error_prone_annotations-2.7.1.jar;C:\Users\EdwardHdez\.m2\repository\org\ow2\asm\asm\9.1\asm-9.1.jar;"/>
    <property name="java.vm.vendor" value="Azul Systems, Inc."/>
    <property name="sun.arch.data.model" value="64"/>
    <property name="user.variant" value=""/>
    <property name="java.vendor.url" value="http://www.azulsystems.com/"/>
    <property name="user.timezone" value="America/La_Paz"/>
    <property name="java.vm.specification.version" value="1.8"/>
    <property name="os.name" value="Windows 10"/>
    <property name="user.country" value="US"/>
    <property name="sun.java.launcher" value="SUN_STANDARD"/>
    <property name="sun.boot.library.path" value="C:\Program Files\Zulu\zulu-8\jre\bin"/>
    <property name="sun.java.command" value="C:\Users\EdwardHdez\AppData\Local\Temp\surefire8938002580992816436\surefirebooter79272431328763824.jar C:\Users\EdwardHdez\AppData\Local\Temp\surefire8938002580992816436 2022-04-29T14-04-11_238-jvmRun1 surefire2780062893691854366tmp surefire_01195335156893180842tmp"/>
    <property name="surefire.test.class.path" value="C:\Users\EdwardHdez\Documents\Reify\deck-of-cards\target\test-classes;C:\Users\EdwardHdez\Documents\Reify\deck-of-cards\target\classes;C:\Users\EdwardHdez\.m2\repository\io\rest-assured\rest-assured\4.5.1\rest-assured-4.5.1.jar;C:\Users\EdwardHdez\.m2\repository\org\codehaus\groovy\groovy\3.0.9\groovy-3.0.9.jar;C:\Users\EdwardHdez\.m2\repository\org\codehaus\groovy\groovy-xml\3.0.9\groovy-xml-3.0.9.jar;C:\Users\EdwardHdez\.m2\repository\org\apache\httpcomponents\httpclient\4.5.13\httpclient-4.5.13.jar;C:\Users\EdwardHdez\.m2\repository\org\apache\httpcomponents\httpcore\4.4.13\httpcore-4.4.13.jar;C:\Users\EdwardHdez\.m2\repository\commons-logging\commons-logging\1.2\commons-logging-1.2.jar;C:\Users\EdwardHdez\.m2\repository\commons-codec\commons-codec\1.11\commons-codec-1.11.jar;C:\Users\EdwardHdez\.m2\repository\org\apache\httpcomponents\httpmime\4.5.13\httpmime-4.5.13.jar;C:\Users\EdwardHdez\.m2\repository\org\hamcrest\hamcrest\2.1\hamcrest-2.1.jar;C:\Users\EdwardHdez\.m2\repository\org\ccil\cowan\tagsoup\tagsoup\1.2.1\tagsoup-1.2.1.jar;C:\Users\EdwardHdez\.m2\repository\io\rest-assured\xml-path\4.5.1\xml-path-4.5.1.jar;C:\Users\EdwardHdez\.m2\repository\org\apache\commons\commons-lang3\3.11\commons-lang3-3.11.jar;C:\Users\EdwardHdez\.m2\repository\io\rest-assured\json-path\4.5.1\json-path-4.5.1.jar;C:\Users\EdwardHdez\.m2\repository\org\codehaus\groovy\groovy-json\3.0.9\groovy-json-3.0.9.jar;C:\Users\EdwardHdez\.m2\repository\io\rest-assured\rest-assured-common\4.5.1\rest-assured-common-4.5.1.jar;C:\Users\EdwardHdez\.m2\repository\org\testng\testng\7.4.0\testng-7.4.0.jar;C:\Users\EdwardHdez\.m2\repository\com\beust\jcommander\1.78\jcommander-1.78.jar;C:\Users\EdwardHdez\.m2\repository\org\webjars\jquery\3.5.1\jquery-3.5.1.jar;C:\Users\EdwardHdez\.m2\repository\com\google\code\gson\gson\2.9.0\gson-2.9.0.jar;C:\Users\EdwardHdez\.m2\repository\org\slf4j\slf4j-api\2.0.0-alpha6\slf4j-api-2.0.0-alpha6.jar;C:\Users\EdwardHdez\.m2\repository\org\slf4j\slf4j-simple\2.0.0-alpha6\slf4j-simple-2.0.0-alpha6.jar;C:\Users\EdwardHdez\.m2\repository\org\projectlombok\lombok\1.18.22\lombok-1.18.22.jar;C:\Users\EdwardHdez\.m2\repository\com\google\truth\truth\1.1.3\truth-1.1.3.jar;C:\Users\EdwardHdez\.m2\repository\com\google\guava\guava\30.1.1-android\guava-30.1.1-android.jar;C:\Users\EdwardHdez\.m2\repository\com\google\guava\failureaccess\1.0.1\failureaccess-1.0.1.jar;C:\Users\EdwardHdez\.m2\repository\com\google\guava\listenablefuture\9999.0-empty-to-avoid-conflict-with-guava\listenablefuture-9999.0-empty-to-avoid-conflict-with-guava.jar;C:\Users\EdwardHdez\.m2\repository\com\google\code\findbugs\jsr305\3.0.2\jsr305-3.0.2.jar;C:\Users\EdwardHdez\.m2\repository\org\checkerframework\checker-compat-qual\2.5.5\checker-compat-qual-2.5.5.jar;C:\Users\EdwardHdez\.m2\repository\com\google\j2objc\j2objc-annotations\1.3\j2objc-annotations-1.3.jar;C:\Users\EdwardHdez\.m2\repository\org\checkerframework\checker-qual\3.13.0\checker-qual-3.13.0.jar;C:\Users\EdwardHdez\.m2\repository\junit\junit\4.13.2\junit-4.13.2.jar;C:\Users\EdwardHdez\.m2\repository\org\hamcrest\hamcrest-core\1.3\hamcrest-core-1.3.jar;C:\Users\EdwardHdez\.m2\repository\com\google\auto\value\auto-value-annotations\1.8.1\auto-value-annotations-1.8.1.jar;C:\Users\EdwardHdez\.m2\repository\com\google\errorprone\error_prone_annotations\2.7.1\error_prone_annotations-2.7.1.jar;C:\Users\EdwardHdez\.m2\repository\org\ow2\asm\asm\9.1\asm-9.1.jar;"/>
    <property name="sun.cpu.endian" value="little"/>
    <property name="user.home" value="C:\Users\EdwardHdez"/>
    <property name="user.language" value="en"/>
    <property name="java.specification.vendor" value="Oracle Corporation"/>
    <property name="java.home" value="C:\Program Files\Zulu\zulu-8\jre"/>
    <property name="basedir" value="C:\Users\EdwardHdez\Documents\Reify\deck-of-cards"/>
    <property name="file.separator" value="\"/>
    <property name="line.separator" value="&#10;"/>
    <property name="jdk.vendor.version" value="Zulu 8.48.0.53-CA-win64"/>
    <property name="java.vm.specification.vendor" value="Oracle Corporation"/>
    <property name="java.specification.name" value="Java Platform API Specification"/>
    <property name="java.awt.graphicsenv" value="sun.awt.Win32GraphicsEnvironment"/>
    <property name="surefire.real.class.path" value="C:\Users\EdwardHdez\AppData\Local\Temp\surefire8938002580992816436\surefirebooter79272431328763824.jar;C:\Users\EdwardHdez\.m2\repository/org/aspectj/aspectjweaver/1.9.7/aspectjweaver-1.9.7.jar"/>
    <property name="sun.boot.class.path" value="C:\Program Files\Zulu\zulu-8\jre\lib\resources.jar;C:\Program Files\Zulu\zulu-8\jre\lib\rt.jar;C:\Program Files\Zulu\zulu-8\jre\lib\sunrsasign.jar;C:\Program Files\Zulu\zulu-8\jre\lib\jsse.jar;C:\Program Files\Zulu\zulu-8\jre\lib\jce.jar;C:\Program Files\Zulu\zulu-8\jre\lib\charsets.jar;C:\Program Files\Zulu\zulu-8\jre\lib\jfr.jar;C:\Program Files\Zulu\zulu-8\jre\classes"/>
    <property name="user.script" value=""/>
    <property name="sun.management.compiler" value="HotSpot 64-Bit Tiered Compilers"/>
    <property name="java.runtime.version" value="1.8.0_265-b11"/>
    <property name="user.name" value="EdwardHdez"/>
    <property name="path.separator" value=";"/>
    <property name="os.version" value="10.0"/>
    <property name="java.endorsed.dirs" value="C:\Program Files\Zulu\zulu-8\jre\lib\endorsed"/>
    <property name="java.runtime.name" value="OpenJDK Runtime Environment"/>
    <property name="file.encoding" value="Cp1252"/>
    <property name="java.vm.name" value="OpenJDK 64-Bit Server VM"/>
    <property name="localRepository" value="C:\Users\EdwardHdez\.m2\repository"/>
    <property name="java.vendor.url.bug" value="http://www.azulsystems.com/support/"/>
    <property name="java.io.tmpdir" value="C:\Users\EDWARD~1\AppData\Local\Temp\"/>
    <property name="java.version" value="1.8.0_265"/>
    <property name="user.dir" value="C:\Users\EdwardHdez\Documents\Reify\deck-of-cards"/>
    <property name="os.arch" value="amd64"/>
    <property name="java.vm.specification.name" value="Java Virtual Machine Specification"/>
    <property name="java.awt.printerjob" value="sun.awt.windows.WPrinterJob"/>
    <property name="sun.os.patch.level" value=""/>
    <property name="java.library.path" value="C:\Program Files\Zulu\zulu-8\jre\bin;C:\WINDOWS\Sun\Java\bin;C:\WINDOWS\system32;C:\WINDOWS;C:\ffmpeg\bin;C:\WINDOWS\system32;C:\WINDOWS;C:\WINDOWS\System32\Wbem;C:\WINDOWS\System32\WindowsPowerShell\v1.0\;C:\WINDOWS\System32\OpenSSH\;C:\Program Files (x86)\Yarn\bin\;C:\ProgramData\chocolatey\bin;C:\Program Files\Dev_Programs\apache-maven-3.8.1\bin;C:\Program Files\Git\cmd;C:\Users\EdwardHdez\AppData\Local\Microsoft\WindowsApps;C:\Users\EdwardHdez\AppData\Roaming\npm;C:\Users\EdwardHdez\AppData\Local\Programs\Microsoft VS Code\bin;C:\Users\EdwardHdez\AppData\Local\Yarn\bin;C:\Users\EdwardHdez\AppData\Local\atom\bin;C:\Users\EdwardHdez\AppData\Local\Microsoft\WindowsApps;C:\Program Files\JetBrains\IntelliJ IDEA 2020.3.2\bin;C:\Users\EdwardHdez\AppData\Local\JetBrains\IntelliJ IDEA Community Edition 2021.1.3\bin;C:\Users\EdwardHdez\AppData\Local\Packages\PythonSoftwareFoundation.Python.3.10_q;C:\Program Files\Docker\Docker\resources\bin;C:\ProgramData\DockerDesktop\version-bin;C:\Program Files\Zulu\zulu-8\bin;C:\Users\EdwardHdez\AppData\Roaming\nvm;C:\Program Files\nodejs;C:\Program Files (x86)\dotnet\;C:\Users\EdwardHdez\AppData\Local\Programs\Python\Python310;C:\Users\EdwardHdez\AppData\Local\Programs\Python\Python310\Scripts;C:\Users\EdwardHdez\AppData\Local\Microsoft\WindowsApps;C:\Users\EdwardHdez\AppData\Local\Programs\Microsoft VS Code\bin;C:\Users\EdwardHdez\AppData\Local\Yarn\bin;C:\Users\EdwardHdez\AppData\Local\atom\bin;C:\Users\EdwardHdez\AppData\Local\Microsoft\WindowsApps;C:\Program Files\JetBrains\IntelliJ IDEA 2020.3.2\bin;;C:\Users\EdwardHdez\AppData\Local\JetBrains\IntelliJ IDEA Community Edition 2021.1.3\bin;;C:\Users\EdwardHdez\AppData\Local\Packages\PythonSoftwareFoundation.Python.3.10_qbz5n2kfra8p0\LocalCache\local-packages\Python310\Scripts;C:\Program Files\Dev_Programs\allure-2.16.1\bin;C:\Users\EdwardHdez\AppData\Local\Android\Sdk\platform-tools;C:\Users\EdwardHdez\AppData\Roaming\npm;C:\Users\EdwardHdez\AppData\Roaming\nvm;C:\Program Files\nodejs;."/>
    <property name="java.vm.info" value="mixed mode"/>
    <property name="java.vendor" value="Azul Systems, Inc."/>
    <property name="java.vm.version" value="25.265-b11"/>
    <property name="java.ext.dirs" value="C:\Program Files\Zulu\zulu-8\jre\lib\ext;C:\WINDOWS\Sun\Java\lib\ext"/>
    <property name="sun.io.unicode.encoding" value="UnicodeLittle"/>
    <property name="java.class.version" value="52.0"/>
  </properties>
  <testcase name="createDeskTest[org.testng.TestRunner@79defdc](1)" classname="org.example.cards.tests.CardsTest" time="9">
    <system-err><![CDATA[[main] INFO org.example.cards.tests.CardsTest - ShuffleCards(success=true, deck_id=rjadppl47wkk, shuffled=true, remaining=52)
]]></system-err>
  </testcase>
  <testcase name="createThreeCardsTest[org.testng.TestRunner@79defdc](1)" classname="org.example.cards.tests.CardsTest" time="2.843">
    <system-err><![CDATA[[main] INFO org.example.cards.tests.CardsTest - rjadppl47wkk
[main] INFO org.example.cards.tests.CardsTest - Size3
]]></system-err>
  </testcase>
</testsuite>