<?xml version="1.0" encoding="UTF-8"?>
<!-- Generated by org.testng.reporters.JUnitReportReporter -->
<testsuite skipped="0" hostname="DESKTOP-2LEGO1F" name="org.example.cards.tests.CardsTest" tests="2" failures="0" timestamp="2022-04-29T14:04:35 BOT" time="11.797" errors="0">
  <testcase name="createDeskTest" time="8.953" classname="org.example.cards.tests.CardsTest"/>
  <system-out/>
  <testcase name="createThreeCardsTest" time="2.844" classname="org.example.cards.tests.CardsTest"/>
  <system-out/>
</testsuite> <!-- org.example.cards.tests.CardsTest -->
